<?xml version="1.0" encoding="UTF-8"?>
<!-- Generated by org.testng.reporters.JUnitReportReporter -->
<testsuite hostname="SCL258" name="com.test.TestUndostres" tests="7" failures="0" timestamp="3 Feb 2020 07:11:53 GMT" time="52.900" errors="0">
  <testcase name="rechargeCell" time="2.282" classname="com.test.TestUndostres"/>
  <testcase name="cardPayment" time="5.903" classname="com.test.TestUndostres"/>
  <testcase name="signInForPayment" time="15.240" classname="com.test.TestUndostres"/>
  <testcase name="cellDetails" time="0.665" classname="com.test.TestUndostres"/>
  <testcase name="finalDetails" time="3.513" classname="com.test.TestUndostres"/>
  <testcase name="launchUndestores" time="15.061" classname="com.test.TestUndostres"/>
  <testcase name="successfulPayment" time="10.236" classname="com.test.TestUndostres"/>
</testsuite> <!-- com.test.TestUndostres -->
